3/7/2019 4:13:39 PM	This log contains information about the import schema operation into project 'InvestMent.Persistence.SQLServer' on computer 'DESKTOP-90K3DT1' by user 'Jovan Gjorgjiev'.
3/7/2019 4:13:40 PM	Import of database schema has started.
3/7/2019 4:13:44 PM	Gathering database credentials
3/7/2019 4:13:44 PM	Gathering database options
3/7/2019 4:13:44 PM	Gathering users
3/7/2019 4:13:44 PM	Gathering roles
3/7/2019 4:13:44 PM	Gathering application roles
3/7/2019 4:13:44 PM	Gathering role memberships
3/7/2019 4:13:44 PM	Gathering filegroups
3/7/2019 4:13:44 PM	Gathering full-text catalogs
3/7/2019 4:13:44 PM	Gathering assemblies
3/7/2019 4:13:44 PM	Gathering certificates
3/7/2019 4:13:44 PM	Gathering asymmetric keys
3/7/2019 4:13:44 PM	Gathering symmetric keys
3/7/2019 4:13:44 PM	Gathering encrypted symmetric keys
3/7/2019 4:13:45 PM	Gathering schemas
3/7/2019 4:13:45 PM	Gathering XML schema collections
3/7/2019 4:13:45 PM	Gathering user-defined data types
3/7/2019 4:13:45 PM	Gathering user-defined types
3/7/2019 4:13:45 PM	Gathering table types
3/7/2019 4:13:45 PM	Gathering unique keys for table types
3/7/2019 4:13:45 PM	Gathering primary keys for table types
3/7/2019 4:13:45 PM	Gathering indexes for table types
3/7/2019 4:13:45 PM	Gathering check constraints for table types
3/7/2019 4:13:45 PM	Gathering default constraints for table types
3/7/2019 4:13:45 PM	Gathering partition functions
3/7/2019 4:13:45 PM	Gathering partition schemes
3/7/2019 4:13:45 PM	Gathering functions
3/7/2019 4:13:45 PM	Gathering encrypted functions
3/7/2019 4:13:45 PM	Gathering aggregates
3/7/2019 4:13:45 PM	Gathering procedures
3/7/2019 4:13:45 PM	Gathering encrypted procedures
3/7/2019 4:13:45 PM	Gathering tables
3/7/2019 4:13:45 PM	Gathering primary keys
3/7/2019 4:13:45 PM	Gathering unique constraints
3/7/2019 4:13:45 PM	Gathering foreign keys
3/7/2019 4:13:45 PM	Gathering default constraints
3/7/2019 4:13:45 PM	Gathering check constraints
3/7/2019 4:13:45 PM	Gathering views
3/7/2019 4:13:45 PM	Gathering encrypted views
3/7/2019 4:13:45 PM	Gathering indexes
3/7/2019 4:13:45 PM	Gathering statistics
3/7/2019 4:13:45 PM	Gathering full-text index stoplists
3/7/2019 4:13:45 PM	Gathering search property lists
3/7/2019 4:13:45 PM	Gathering search properties
3/7/2019 4:13:45 PM	Gathering full-text indexes
3/7/2019 4:13:45 PM	Gathering column store indexes
3/7/2019 4:13:45 PM	Gathering spatial indexes
3/7/2019 4:13:45 PM	Gathering XML indexes
3/7/2019 4:13:45 PM	Gathering Selective XML indexes
3/7/2019 4:13:45 PM	Gathering encrypted triggers
3/7/2019 4:13:45 PM	Gathering triggers
3/7/2019 4:13:45 PM	Gathering encrypted and clr ddl triggers
3/7/2019 4:13:45 PM	Gathering ddl triggers
3/7/2019 4:13:45 PM	Gathering synonyms
3/7/2019 4:13:45 PM	Gathering defaults
3/7/2019 4:13:45 PM	Gathering data constraint uddt bindings
3/7/2019 4:13:45 PM	Gathering rules
3/7/2019 4:13:45 PM	Gathering data constraint uddt bindings
3/7/2019 4:13:45 PM	Gathering message types
3/7/2019 4:13:45 PM	Gathering queues
3/7/2019 4:13:45 PM	Gathering contracts
3/7/2019 4:13:45 PM	Gathering services
3/7/2019 4:13:45 PM	Gathering event notifications
3/7/2019 4:13:45 PM	Gathering remote service bindings
3/7/2019 4:13:45 PM	Gathering broker priorities
3/7/2019 4:13:45 PM	Gathering signatures
3/7/2019 4:13:45 PM	Gathering data compression options
3/7/2019 4:13:45 PM	Gathering sequence types
3/7/2019 4:13:45 PM	Gathering security policies
3/7/2019 4:13:45 PM	Gather column encryption keys
3/7/2019 4:13:45 PM	Gathering column master keys
3/7/2019 4:13:45 PM	Gathering external data sources
3/7/2019 4:13:45 PM	Gathering external file formats
3/7/2019 4:13:45 PM	Gathering external tables
3/7/2019 4:13:45 PM	Gathering extended properties
3/7/2019 4:13:45 PM	Gathering credentials
3/7/2019 4:13:45 PM	Gathering logins
3/7/2019 4:13:45 PM	Gathering server audits
3/7/2019 4:13:45 PM	Scanning project for duplicate elements
3/7/2019 4:13:45 PM	Finished duplicate element processing
3/7/2019 4:13:46 PM	Finished importing database.
3/7/2019 4:13:46 PM	A summary of the import was saved to the following location: C:\Users\Jovan Gjorgjiev\Desktop\AngularWebApi\InvestMent.Persistence.SQLServer\Import Schema Logs\InvestMent.Persisten_20190307031339.log
3/7/2019 4:13:46 PM	Click Finish to continue...
